	1		from sem 1
	2		from sem 2
	3		from sem 3
	4		from sem 4
	5		from sem 5
	6		from sem 1
	7		from sem 2
	8		from sem 3
	9		from sem 4
	10		from sem 5
	11		from sem 1
	12		from sem 2
	13		from sem 3
	14		from sem 4
	15		from sem 5
	16		from sem 1
	17		from sem 2
	18		from sem 3
	19		from sem 4
	20		from sem 5
	21		from sem 1
	22		from sem 2
	23		from sem 3
	24		from sem 4
	25		from sem 5
	26		from sem 1
	27		from sem 2
	28		from sem 3
	29		from sem 4
	30		from sem 5
	31		from sem 1
	32		from sem 2
	33		from sem 3
	34		from sem 4
	35		from sem 5
	36		from sem 1
	37		from sem 2
	38		from sem 3
	39		from sem 4
	40		from sem 5
	41		from sem 1
	42		from sem 2
	43		from sem 3
	44		from sem 4
	45		from sem 5
	46		from sem 1
	47		from sem 2
	48		from sem 3
	49		from sem 4
	50		from sem 5
	51		from sem 1
	52		from sem 2
	53		from sem 3
	54		from sem 4
	55		from sem 5
	56		from sem 1
	57		from sem 2
	58		from sem 3
	59		from sem 4
	60		from sem 5
	61		from sem 1
	62		from sem 2
	63		from sem 3
	64		from sem 4
	65		from sem 5
	66		from sem 1
	67		from sem 2
	68		from sem 3
	69		from sem 4
	70		from sem 5
	71		from sem 1
	72		from sem 2
	73		from sem 3
	74		from sem 4
	75		from sem 5
	76		from sem 1
	77		from sem 2
	78		from sem 3
	79		from sem 4
	80		from sem 5
	81		from sem 1
	82		from sem 2
	83		from sem 3
	84		from sem 4
	85		from sem 5
	86		from sem 1
	87		from sem 2
	88		from sem 3
	89		from sem 4
	90		from sem 5
	91		from sem 1
	92		from sem 2
	93		from sem 3
	94		from sem 4
	95		from sem 5
	96		from sem 1
	97		from sem 2
	98		from sem 3
	99		from sem 4
	100		from sem 5
